#! /gaia/home/faculty/changw/ivl/bin/vvp
:ivl_version "0.9.6 " "(v0_9_6)";
:vpi_time_precision + 0;
:vpi_module "system";
:vpi_module "v2005_math";
:vpi_module "va_math";
S_0x262abc0 .scope module, "TestMod" "TestMod" 2 18;
 .timescale 0 0;
v0x263d1e0_0 .net "o0", 0 0, L_0x263d780; 1 drivers
v0x263d280_0 .net "o1", 0 0, L_0x263d8d0; 1 drivers
v0x263d330_0 .net "o2", 0 0, L_0x263d980; 1 drivers
v0x263d3e0_0 .net "o3", 0 0, L_0x263da30; 1 drivers
v0x263d4c0_0 .var "s0", 0 0;
v0x263d570_0 .var "s1", 0 0;
S_0x262acb0 .scope module, "my_decoder" "DecoderMod" 2 22, 2 5, S_0x262abc0;
 .timescale 0 0;
L_0x263d5f0 .functor NOT 1, v0x263d570_0, C4<0>, C4<0>, C4<0>;
L_0x263d6d0 .functor NOT 1, v0x263d4c0_0, C4<0>, C4<0>, C4<0>;
L_0x263d780 .functor AND 1, L_0x263d5f0, L_0x263d6d0, C4<1>, C4<1>;
L_0x263d8d0 .functor AND 1, L_0x263d5f0, v0x263d4c0_0, C4<1>, C4<1>;
L_0x263d980 .functor AND 1, v0x263d570_0, L_0x263d6d0, C4<1>, C4<1>;
L_0x263da30 .functor AND 1, v0x263d570_0, v0x263d4c0_0, C4<1>, C4<1>;
v0x262ada0_0 .net "inv_s0", 0 0, L_0x263d6d0; 1 drivers
v0x263cce0_0 .net "inv_s1", 0 0, L_0x263d5f0; 1 drivers
v0x263cd80_0 .alias "o0", 0 0, v0x263d1e0_0;
v0x263ce20_0 .alias "o1", 0 0, v0x263d280_0;
v0x263ced0_0 .alias "o2", 0 0, v0x263d330_0;
v0x263cf70_0 .alias "o3", 0 0, v0x263d3e0_0;
v0x263d050_0 .net "s0", 0 0, v0x263d4c0_0; 1 drivers
v0x263d0f0_0 .net "s1", 0 0, v0x263d570_0; 1 drivers
    .scope S_0x262abc0;
T_0 ;
    %vpi_call 2 25 "$monitor", "%0d\011%b\011%b\011%b\011%b\011%b\011%b", $time, v0x263d570_0, v0x263d4c0_0, v0x263d1e0_0, v0x263d280_0, v0x263d330_0, v0x263d3e0_0;
    %vpi_call 2 26 "$display", "Time\011s1\011s0\011o0\011o1\01102\01103";
    %vpi_call 2 27 "$display", "--------------------------------------------------";
    %end;
    .thread T_0;
    .scope S_0x262abc0;
T_1 ;
    %set/v v0x263d570_0, 0, 1;
    %set/v v0x263d4c0_0, 0, 1;
    %delay 1, 0;
    %set/v v0x263d570_0, 0, 1;
    %set/v v0x263d4c0_0, 1, 1;
    %delay 1, 0;
    %set/v v0x263d570_0, 1, 1;
    %set/v v0x263d4c0_0, 0, 1;
    %delay 1, 0;
    %set/v v0x263d570_0, 1, 1;
    %set/v v0x263d4c0_0, 1, 1;
    %delay 1, 0;
    %end;
    .thread T_1;
# The file index is used to find the file name in the following table.
:file_names 3;
    "N/A";
    "<interactive>";
    "decoder2x4.v";
