#! /gaia/home/faculty/changw/ivl/bin/vvp
:ivl_version "0.9.6 " "(v0_9_6)";
:vpi_time_precision + 0;
:vpi_module "system";
:vpi_module "v2005_math";
:vpi_module "va_math";
S_0x1c40b40 .scope module, "TestMod" "TestMod" 2 5;
 .timescale 0 0;
RS_0x7f5201781018 .resolv tri, L_0x1c60e60, L_0x1c619b0, L_0x1c625c0, L_0x1c62ed0;
v0x1c60c80_0 .net8 "C", 3 0, RS_0x7f5201781018; 4 drivers
v0x1c60d30_0 .var "CLK", 0 0;
v0x1c60de0_0 .net "Q", 0 15, v0x1c60bd0_0; 1 drivers
S_0x1c60a60 .scope module, "my_ripple" "RippleMod" 2 17, 2 38, S_0x1c40b40;
 .timescale 0 0;
v0x1c60b50_0 .net "CLK", 0 0, v0x1c60d30_0; 1 drivers
v0x1c60bd0_0 .var "Q", 0 15;
E_0x1c5f180 .event posedge, v0x1c60b50_0;
S_0x1c40c30 .scope module, "my_coder" "CoderMod" 2 18, 2 28, S_0x1c40b40;
 .timescale 0 0;
L_0x1c5f5e0/0/0 .functor OR 1, L_0x1c610e0, L_0x1c611d0, L_0x1c61350, L_0x1c613f0;
L_0x1c5f5e0/0/4 .functor OR 1, L_0x1c614e0, L_0x1c615d0, L_0x1c617d0, L_0x1c618c0;
L_0x1c5f5e0 .functor OR 1, L_0x1c5f5e0/0/0, L_0x1c5f5e0/0/4, C4<0>, C4<0>;
L_0x1c61ab0/0/0 .functor OR 1, L_0x1c61b60, L_0x1c61c50, L_0x1c61d40, L_0x1c61e30;
L_0x1c61ab0/0/4 .functor OR 1, L_0x1c61fa0, L_0x1c62090, L_0x1c62390, L_0x1c62430;
L_0x1c61ab0 .functor OR 1, L_0x1c61ab0/0/0, L_0x1c61ab0/0/4, C4<0>, C4<0>;
L_0x1c61a50/0/0 .functor OR 1, L_0x1c626b0, L_0x1c62520, L_0x1c628a0, L_0x1c627a0;
L_0x1c61a50/0/4 .functor OR 1, L_0x1c62aa0, L_0x1c62990, L_0x1c62cb0, L_0x1c62b90;
L_0x1c61a50 .functor OR 1, L_0x1c61a50/0/0, L_0x1c61a50/0/4, C4<0>, C4<0>;
L_0x1c62da0/0/0 .functor OR 1, L_0x1c630b0, L_0x1c631a0, L_0x1c62f70, L_0x1c63390;
L_0x1c62da0/0/4 .functor OR 1, L_0x1c63290, L_0x1c63590, L_0x1c61020, L_0x1c5faf0;
L_0x1c62da0 .functor OR 1, L_0x1c62da0/0/0, L_0x1c62da0/0/4, C4<0>, C4<0>;
v0x1c36470_0 .alias "C", 3 0, v0x1c60c80_0;
v0x1c5efc0_0 .alias "Q", 0 15, v0x1c60de0_0;
v0x1c5f060_0 .net *"_s1", 0 0, L_0x1c5f5e0; 1 drivers
v0x1c5f100_0 .net *"_s10", 0 0, L_0x1c613f0; 1 drivers
v0x1c5f1b0_0 .net *"_s12", 0 0, L_0x1c614e0; 1 drivers
v0x1c5f250_0 .net *"_s14", 0 0, L_0x1c615d0; 1 drivers
v0x1c5f330_0 .net *"_s16", 0 0, L_0x1c617d0; 1 drivers
v0x1c5f3d0_0 .net *"_s18", 0 0, L_0x1c618c0; 1 drivers
v0x1c5f4c0_0 .net *"_s20", 0 0, L_0x1c61ab0; 1 drivers
v0x1c5f560_0 .net *"_s23", 0 0, L_0x1c61b60; 1 drivers
v0x1c5f660_0 .net *"_s25", 0 0, L_0x1c61c50; 1 drivers
v0x1c5f700_0 .net *"_s27", 0 0, L_0x1c61d40; 1 drivers
v0x1c5f810_0 .net *"_s29", 0 0, L_0x1c61e30; 1 drivers
v0x1c5f8b0_0 .net *"_s31", 0 0, L_0x1c61fa0; 1 drivers
v0x1c5f9d0_0 .net *"_s33", 0 0, L_0x1c62090; 1 drivers
v0x1c5fa70_0 .net *"_s35", 0 0, L_0x1c62390; 1 drivers
v0x1c5f930_0 .net *"_s37", 0 0, L_0x1c62430; 1 drivers
v0x1c5fbc0_0 .net *"_s39", 0 0, L_0x1c61a50; 1 drivers
v0x1c5fce0_0 .net *"_s4", 0 0, L_0x1c610e0; 1 drivers
v0x1c5fd60_0 .net *"_s42", 0 0, L_0x1c626b0; 1 drivers
v0x1c5fc40_0 .net *"_s44", 0 0, L_0x1c62520; 1 drivers
v0x1c5fe90_0 .net *"_s46", 0 0, L_0x1c628a0; 1 drivers
v0x1c5fde0_0 .net *"_s48", 0 0, L_0x1c627a0; 1 drivers
v0x1c5ffd0_0 .net *"_s50", 0 0, L_0x1c62aa0; 1 drivers
v0x1c5ff30_0 .net *"_s52", 0 0, L_0x1c62990; 1 drivers
v0x1c60120_0 .net *"_s54", 0 0, L_0x1c62cb0; 1 drivers
v0x1c60070_0 .net *"_s56", 0 0, L_0x1c62b90; 1 drivers
v0x1c60280_0 .net *"_s58", 0 0, L_0x1c62da0; 1 drivers
v0x1c601c0_0 .net *"_s6", 0 0, L_0x1c611d0; 1 drivers
v0x1c603f0_0 .net *"_s61", 0 0, L_0x1c630b0; 1 drivers
v0x1c60300_0 .net *"_s63", 0 0, L_0x1c631a0; 1 drivers
v0x1c60570_0 .net *"_s65", 0 0, L_0x1c62f70; 1 drivers
v0x1c60470_0 .net *"_s67", 0 0, L_0x1c63390; 1 drivers
v0x1c60700_0 .net *"_s69", 0 0, L_0x1c63290; 1 drivers
v0x1c605f0_0 .net *"_s71", 0 0, L_0x1c63590; 1 drivers
v0x1c608a0_0 .net *"_s73", 0 0, L_0x1c61020; 1 drivers
v0x1c60780_0 .net *"_s75", 0 0, L_0x1c5faf0; 1 drivers
v0x1c60820_0 .net *"_s8", 0 0, L_0x1c61350; 1 drivers
L_0x1c60e60 .part/pv L_0x1c5f5e0, 3, 1, 4;
L_0x1c610e0 .part v0x1c60bd0_0, 7, 1;
L_0x1c611d0 .part v0x1c60bd0_0, 6, 1;
L_0x1c61350 .part v0x1c60bd0_0, 5, 1;
L_0x1c613f0 .part v0x1c60bd0_0, 4, 1;
L_0x1c614e0 .part v0x1c60bd0_0, 3, 1;
L_0x1c615d0 .part v0x1c60bd0_0, 2, 1;
L_0x1c617d0 .part v0x1c60bd0_0, 1, 1;
L_0x1c618c0 .part v0x1c60bd0_0, 0, 1;
L_0x1c619b0 .part/pv L_0x1c61ab0, 2, 1, 4;
L_0x1c61b60 .part v0x1c60bd0_0, 11, 1;
L_0x1c61c50 .part v0x1c60bd0_0, 10, 1;
L_0x1c61d40 .part v0x1c60bd0_0, 9, 1;
L_0x1c61e30 .part v0x1c60bd0_0, 8, 1;
L_0x1c61fa0 .part v0x1c60bd0_0, 3, 1;
L_0x1c62090 .part v0x1c60bd0_0, 2, 1;
L_0x1c62390 .part v0x1c60bd0_0, 1, 1;
L_0x1c62430 .part v0x1c60bd0_0, 0, 1;
L_0x1c625c0 .part/pv L_0x1c61a50, 1, 1, 4;
L_0x1c626b0 .part v0x1c60bd0_0, 13, 1;
L_0x1c62520 .part v0x1c60bd0_0, 12, 1;
L_0x1c628a0 .part v0x1c60bd0_0, 9, 1;
L_0x1c627a0 .part v0x1c60bd0_0, 8, 1;
L_0x1c62aa0 .part v0x1c60bd0_0, 5, 1;
L_0x1c62990 .part v0x1c60bd0_0, 4, 1;
L_0x1c62cb0 .part v0x1c60bd0_0, 1, 1;
L_0x1c62b90 .part v0x1c60bd0_0, 0, 1;
L_0x1c62ed0 .part/pv L_0x1c62da0, 0, 1, 4;
L_0x1c630b0 .part v0x1c60bd0_0, 14, 1;
L_0x1c631a0 .part v0x1c60bd0_0, 12, 1;
L_0x1c62f70 .part v0x1c60bd0_0, 10, 1;
L_0x1c63390 .part v0x1c60bd0_0, 8, 1;
L_0x1c63290 .part v0x1c60bd0_0, 6, 1;
L_0x1c63590 .part v0x1c60bd0_0, 4, 1;
L_0x1c61020 .part v0x1c60bd0_0, 2, 1;
L_0x1c5faf0 .part v0x1c60bd0_0, 0, 1;
    .scope S_0x1c60a60;
T_0 ;
    %wait E_0x1c5f180;
    %load/v 8, v0x1c60bd0_0, 1; Only need 1 of 16 bits
; Save base=8 wid=1 in lookaside.
    %ix/load 0, 1, 0;
    %ix/load 1, 15, 0;
    %assign/v0/x1 v0x1c60bd0_0, 0, 8;
    %ix/load 1, 15, 0;
    %mov 4, 0, 1;
    %jmp/1 T_0.0, 4;
    %load/x1p 8, v0x1c60bd0_0, 1;
    %jmp T_0.1;
T_0.0 ;
    %mov 8, 2, 1;
T_0.1 ;
; Save base=8 wid=1 in lookaside.
    %ix/load 0, 1, 0;
    %ix/load 1, 14, 0;
    %assign/v0/x1 v0x1c60bd0_0, 0, 8;
    %ix/load 1, 14, 0;
    %mov 4, 0, 1;
    %jmp/1 T_0.2, 4;
    %load/x1p 8, v0x1c60bd0_0, 1;
    %jmp T_0.3;
T_0.2 ;
    %mov 8, 2, 1;
T_0.3 ;
; Save base=8 wid=1 in lookaside.
    %ix/load 0, 1, 0;
    %ix/load 1, 13, 0;
    %assign/v0/x1 v0x1c60bd0_0, 0, 8;
    %ix/load 1, 13, 0;
    %mov 4, 0, 1;
    %jmp/1 T_0.4, 4;
    %load/x1p 8, v0x1c60bd0_0, 1;
    %jmp T_0.5;
T_0.4 ;
    %mov 8, 2, 1;
T_0.5 ;
; Save base=8 wid=1 in lookaside.
    %ix/load 0, 1, 0;
    %ix/load 1, 12, 0;
    %assign/v0/x1 v0x1c60bd0_0, 0, 8;
    %ix/load 1, 12, 0;
    %mov 4, 0, 1;
    %jmp/1 T_0.6, 4;
    %load/x1p 8, v0x1c60bd0_0, 1;
    %jmp T_0.7;
T_0.6 ;
    %mov 8, 2, 1;
T_0.7 ;
; Save base=8 wid=1 in lookaside.
    %ix/load 0, 1, 0;
    %ix/load 1, 11, 0;
    %assign/v0/x1 v0x1c60bd0_0, 0, 8;
    %ix/load 1, 11, 0;
    %mov 4, 0, 1;
    %jmp/1 T_0.8, 4;
    %load/x1p 8, v0x1c60bd0_0, 1;
    %jmp T_0.9;
T_0.8 ;
    %mov 8, 2, 1;
T_0.9 ;
; Save base=8 wid=1 in lookaside.
    %ix/load 0, 1, 0;
    %ix/load 1, 10, 0;
    %assign/v0/x1 v0x1c60bd0_0, 0, 8;
    %ix/load 1, 10, 0;
    %mov 4, 0, 1;
    %jmp/1 T_0.10, 4;
    %load/x1p 8, v0x1c60bd0_0, 1;
    %jmp T_0.11;
T_0.10 ;
    %mov 8, 2, 1;
T_0.11 ;
; Save base=8 wid=1 in lookaside.
    %ix/load 0, 1, 0;
    %ix/load 1, 9, 0;
    %assign/v0/x1 v0x1c60bd0_0, 0, 8;
    %ix/load 1, 9, 0;
    %mov 4, 0, 1;
    %jmp/1 T_0.12, 4;
    %load/x1p 8, v0x1c60bd0_0, 1;
    %jmp T_0.13;
T_0.12 ;
    %mov 8, 2, 1;
T_0.13 ;
; Save base=8 wid=1 in lookaside.
    %ix/load 0, 1, 0;
    %ix/load 1, 8, 0;
    %assign/v0/x1 v0x1c60bd0_0, 0, 8;
    %ix/load 1, 8, 0;
    %mov 4, 0, 1;
    %jmp/1 T_0.14, 4;
    %load/x1p 8, v0x1c60bd0_0, 1;
    %jmp T_0.15;
T_0.14 ;
    %mov 8, 2, 1;
T_0.15 ;
; Save base=8 wid=1 in lookaside.
    %ix/load 0, 1, 0;
    %ix/load 1, 7, 0;
    %assign/v0/x1 v0x1c60bd0_0, 0, 8;
    %ix/load 1, 7, 0;
    %mov 4, 0, 1;
    %jmp/1 T_0.16, 4;
    %load/x1p 8, v0x1c60bd0_0, 1;
    %jmp T_0.17;
T_0.16 ;
    %mov 8, 2, 1;
T_0.17 ;
; Save base=8 wid=1 in lookaside.
    %ix/load 0, 1, 0;
    %ix/load 1, 6, 0;
    %assign/v0/x1 v0x1c60bd0_0, 0, 8;
    %ix/load 1, 6, 0;
    %mov 4, 0, 1;
    %jmp/1 T_0.18, 4;
    %load/x1p 8, v0x1c60bd0_0, 1;
    %jmp T_0.19;
T_0.18 ;
    %mov 8, 2, 1;
T_0.19 ;
; Save base=8 wid=1 in lookaside.
    %ix/load 0, 1, 0;
    %ix/load 1, 5, 0;
    %assign/v0/x1 v0x1c60bd0_0, 0, 8;
    %ix/load 1, 5, 0;
    %mov 4, 0, 1;
    %jmp/1 T_0.20, 4;
    %load/x1p 8, v0x1c60bd0_0, 1;
    %jmp T_0.21;
T_0.20 ;
    %mov 8, 2, 1;
T_0.21 ;
; Save base=8 wid=1 in lookaside.
    %ix/load 0, 1, 0;
    %ix/load 1, 4, 0;
    %assign/v0/x1 v0x1c60bd0_0, 0, 8;
    %ix/load 1, 4, 0;
    %mov 4, 0, 1;
    %jmp/1 T_0.22, 4;
    %load/x1p 8, v0x1c60bd0_0, 1;
    %jmp T_0.23;
T_0.22 ;
    %mov 8, 2, 1;
T_0.23 ;
; Save base=8 wid=1 in lookaside.
    %ix/load 0, 1, 0;
    %ix/load 1, 3, 0;
    %assign/v0/x1 v0x1c60bd0_0, 0, 8;
    %ix/load 1, 3, 0;
    %mov 4, 0, 1;
    %jmp/1 T_0.24, 4;
    %load/x1p 8, v0x1c60bd0_0, 1;
    %jmp T_0.25;
T_0.24 ;
    %mov 8, 2, 1;
T_0.25 ;
; Save base=8 wid=1 in lookaside.
    %ix/load 0, 1, 0;
    %ix/load 1, 2, 0;
    %assign/v0/x1 v0x1c60bd0_0, 0, 8;
    %ix/load 1, 2, 0;
    %mov 4, 0, 1;
    %jmp/1 T_0.26, 4;
    %load/x1p 8, v0x1c60bd0_0, 1;
    %jmp T_0.27;
T_0.26 ;
    %mov 8, 2, 1;
T_0.27 ;
; Save base=8 wid=1 in lookaside.
    %ix/load 0, 1, 0;
    %ix/load 1, 1, 0;
    %assign/v0/x1 v0x1c60bd0_0, 0, 8;
    %ix/load 1, 1, 0;
    %mov 4, 0, 1;
    %jmp/1 T_0.28, 4;
    %load/x1p 8, v0x1c60bd0_0, 1;
    %jmp T_0.29;
T_0.28 ;
    %mov 8, 2, 1;
T_0.29 ;
; Save base=8 wid=1 in lookaside.
    %ix/load 0, 1, 0;
    %ix/load 1, 0, 0;
    %assign/v0/x1 v0x1c60bd0_0, 0, 8;
    %jmp T_0;
    .thread T_0;
    .scope S_0x1c60a60;
T_1 ;
    %movi 8, 32768, 16;
    %set/v v0x1c60bd0_0, 8, 16;
    %end;
    .thread T_1;
    .scope S_0x1c40b40;
T_2 ;
    %set/v v0x1c60d30_0, 0, 1;
    %delay 1, 0;
    %set/v v0x1c60d30_0, 1, 1;
    %delay 1, 0;
    %jmp T_2;
    .thread T_2;
    .scope S_0x1c40b40;
T_3 ;
    %delay 36, 0;
    %vpi_call 2 20 "$finish";
    %end;
    .thread T_3;
    .scope S_0x1c40b40;
T_4 ;
    %vpi_call 2 23 "$display", "Time CLK  Q                 C      C";
    %vpi_call 2 24 "$monitor", "%4d   %b  %b  %b  %d", $time, v0x1c60d30_0, v0x1c60de0_0, v0x1c60c80_0, v0x1c60c80_0;
    %end;
    .thread T_4;
# The file index is used to find the file name in the following table.
:file_names 3;
    "N/A";
    "<interactive>";
    "count16.v";
